<?xml version="1.0" encoding="UTF-8"?>
<testsuite xmlns:xsi="http://www.w3.org/2001/XMLSchema-instance" xsi:noNamespaceSchemaLocation="https://maven.apache.org/surefire/maven-surefire-plugin/xsd/surefire-test-report.xsd" name="com.ctguqmx.recruit.RecruitApplicationTests" time="6.589" tests="1" errors="0" skipped="0" failures="0">
  <properties>
    <property name="sun.desktop" value="windows"/>
    <property name="awt.toolkit" value="sun.awt.windows.WToolkit"/>
    <property name="file.encoding.pkg" value="sun.io"/>
    <property name="java.specification.version" value="1.8"/>
    <property name="sun.cpu.isalist" value="amd64"/>
    <property name="sun.jnu.encoding" value="GBK"/>
    <property name="java.class.path" value="C:\Users\DELL\Desktop\recruit\target\test-classes;C:\Users\DELL\Desktop\recruit\target\classes;D:\idea\repository\org\springframework\boot\spring-boot-starter-jdbc\2.1.7.RELEASE\spring-boot-starter-jdbc-2.1.7.RELEASE.jar;D:\idea\repository\org\springframework\boot\spring-boot-starter\2.1.7.RELEASE\spring-boot-starter-2.1.7.RELEASE.jar;D:\idea\repository\org\springframework\boot\spring-boot\2.1.7.RELEASE\spring-boot-2.1.7.RELEASE.jar;D:\idea\repository\org\springframework\boot\spring-boot-autoconfigure\2.1.7.RELEASE\spring-boot-autoconfigure-2.1.7.RELEASE.jar;D:\idea\repository\org\springframework\boot\spring-boot-starter-logging\2.1.7.RELEASE\spring-boot-starter-logging-2.1.7.RELEASE.jar;D:\idea\repository\ch\qos\logback\logback-classic\1.2.3\logback-classic-1.2.3.jar;D:\idea\repository\ch\qos\logback\logback-core\1.2.3\logback-core-1.2.3.jar;D:\idea\repository\org\apache\logging\log4j\log4j-to-slf4j\2.11.2\log4j-to-slf4j-2.11.2.jar;D:\idea\repository\org\apache\logging\log4j\log4j-api\2.11.2\log4j-api-2.11.2.jar;D:\idea\repository\org\slf4j\jul-to-slf4j\1.7.26\jul-to-slf4j-1.7.26.jar;D:\idea\repository\javax\annotation\javax.annotation-api\1.3.2\javax.annotation-api-1.3.2.jar;D:\idea\repository\org\yaml\snakeyaml\1.23\snakeyaml-1.23.jar;D:\idea\repository\com\zaxxer\HikariCP\3.2.0\HikariCP-3.2.0.jar;D:\idea\repository\org\slf4j\slf4j-api\1.7.26\slf4j-api-1.7.26.jar;D:\idea\repository\org\springframework\spring-jdbc\5.1.9.RELEASE\spring-jdbc-5.1.9.RELEASE.jar;D:\idea\repository\org\springframework\spring-beans\5.1.9.RELEASE\spring-beans-5.1.9.RELEASE.jar;D:\idea\repository\org\springframework\spring-tx\5.1.9.RELEASE\spring-tx-5.1.9.RELEASE.jar;D:\idea\repository\org\springframework\boot\spring-boot-starter-web\2.1.7.RELEASE\spring-boot-starter-web-2.1.7.RELEASE.jar;D:\idea\repository\org\springframework\boot\spring-boot-starter-json\2.1.7.RELEASE\spring-boot-starter-json-2.1.7.RELEASE.jar;D:\idea\repository\com\fasterxml\jackson\core\jackson-databind\2.9.9\jackson-databind-2.9.9.jar;D:\idea\repository\com\fasterxml\jackson\core\jackson-annotations\2.9.0\jackson-annotations-2.9.0.jar;D:\idea\repository\com\fasterxml\jackson\core\jackson-core\2.9.9\jackson-core-2.9.9.jar;D:\idea\repository\com\fasterxml\jackson\datatype\jackson-datatype-jdk8\2.9.9\jackson-datatype-jdk8-2.9.9.jar;D:\idea\repository\com\fasterxml\jackson\datatype\jackson-datatype-jsr310\2.9.9\jackson-datatype-jsr310-2.9.9.jar;D:\idea\repository\com\fasterxml\jackson\module\jackson-module-parameter-names\2.9.9\jackson-module-parameter-names-2.9.9.jar;D:\idea\repository\org\springframework\boot\spring-boot-starter-tomcat\2.1.7.RELEASE\spring-boot-starter-tomcat-2.1.7.RELEASE.jar;D:\idea\repository\org\apache\tomcat\embed\tomcat-embed-core\9.0.22\tomcat-embed-core-9.0.22.jar;D:\idea\repository\org\apache\tomcat\embed\tomcat-embed-el\9.0.22\tomcat-embed-el-9.0.22.jar;D:\idea\repository\org\apache\tomcat\embed\tomcat-embed-websocket\9.0.22\tomcat-embed-websocket-9.0.22.jar;D:\idea\repository\org\hibernate\validator\hibernate-validator\6.0.17.Final\hibernate-validator-6.0.17.Final.jar;D:\idea\repository\javax\validation\validation-api\2.0.1.Final\validation-api-2.0.1.Final.jar;D:\idea\repository\org\jboss\logging\jboss-logging\3.3.2.Final\jboss-logging-3.3.2.Final.jar;D:\idea\repository\com\fasterxml\classmate\1.4.0\classmate-1.4.0.jar;D:\idea\repository\org\springframework\spring-web\5.1.9.RELEASE\spring-web-5.1.9.RELEASE.jar;D:\idea\repository\org\springframework\spring-webmvc\5.1.9.RELEASE\spring-webmvc-5.1.9.RELEASE.jar;D:\idea\repository\org\springframework\spring-aop\5.1.9.RELEASE\spring-aop-5.1.9.RELEASE.jar;D:\idea\repository\org\springframework\spring-context\5.1.9.RELEASE\spring-context-5.1.9.RELEASE.jar;D:\idea\repository\org\springframework\spring-expression\5.1.9.RELEASE\spring-expression-5.1.9.RELEASE.jar;D:\idea\repository\org\mybatis\spring\boot\mybatis-spring-boot-starter\2.1.0\mybatis-spring-boot-starter-2.1.0.jar;D:\idea\repository\org\mybatis\spring\boot\mybatis-spring-boot-autoconfigure\2.1.0\mybatis-spring-boot-autoconfigure-2.1.0.jar;D:\idea\repository\org\mybatis\mybatis\3.5.2\mybatis-3.5.2.jar;D:\idea\repository\org\mybatis\mybatis-spring\2.0.2\mybatis-spring-2.0.2.jar;D:\idea\repository\mysql\mysql-connector-java\8.0.16\mysql-connector-java-8.0.16.jar;D:\idea\repository\org\springframework\boot\spring-boot-starter-test\2.1.7.RELEASE\spring-boot-starter-test-2.1.7.RELEASE.jar;D:\idea\repository\org\springframework\boot\spring-boot-test\2.1.7.RELEASE\spring-boot-test-2.1.7.RELEASE.jar;D:\idea\repository\org\springframework\boot\spring-boot-test-autoconfigure\2.1.7.RELEASE\spring-boot-test-autoconfigure-2.1.7.RELEASE.jar;D:\idea\repository\com\jayway\jsonpath\json-path\2.4.0\json-path-2.4.0.jar;D:\idea\repository\net\minidev\json-smart\2.3\json-smart-2.3.jar;D:\idea\repository\net\minidev\accessors-smart\1.2\accessors-smart-1.2.jar;D:\idea\repository\org\ow2\asm\asm\5.0.4\asm-5.0.4.jar;D:\idea\repository\junit\junit\4.12\junit-4.12.jar;D:\idea\repository\org\assertj\assertj-core\3.11.1\assertj-core-3.11.1.jar;D:\idea\repository\org\mockito\mockito-core\2.23.4\mockito-core-2.23.4.jar;D:\idea\repository\net\bytebuddy\byte-buddy\1.9.16\byte-buddy-1.9.16.jar;D:\idea\repository\net\bytebuddy\byte-buddy-agent\1.9.16\byte-buddy-agent-1.9.16.jar;D:\idea\repository\org\objenesis\objenesis\2.6\objenesis-2.6.jar;D:\idea\repository\org\hamcrest\hamcrest-core\1.3\hamcrest-core-1.3.jar;D:\idea\repository\org\hamcrest\hamcrest-library\1.3\hamcrest-library-1.3.jar;D:\idea\repository\org\skyscreamer\jsonassert\1.5.0\jsonassert-1.5.0.jar;D:\idea\repository\com\vaadin\external\google\android-json\0.0.20131108.vaadin1\android-json-0.0.20131108.vaadin1.jar;D:\idea\repository\org\springframework\spring-core\5.1.9.RELEASE\spring-core-5.1.9.RELEASE.jar;D:\idea\repository\org\springframework\spring-jcl\5.1.9.RELEASE\spring-jcl-5.1.9.RELEASE.jar;D:\idea\repository\org\springframework\spring-test\5.1.9.RELEASE\spring-test-5.1.9.RELEASE.jar;D:\idea\repository\org\xmlunit\xmlunit-core\2.6.3\xmlunit-core-2.6.3.jar;D:\idea\repository\org\springframework\boot\spring-boot-starter-thymeleaf\2.1.7.RELEASE\spring-boot-starter-thymeleaf-2.1.7.RELEASE.jar;D:\idea\repository\org\thymeleaf\thymeleaf-spring5\3.0.11.RELEASE\thymeleaf-spring5-3.0.11.RELEASE.jar;D:\idea\repository\org\thymeleaf\thymeleaf\3.0.11.RELEASE\thymeleaf-3.0.11.RELEASE.jar;D:\idea\repository\org\attoparser\attoparser\2.0.5.RELEASE\attoparser-2.0.5.RELEASE.jar;D:\idea\repository\org\unbescape\unbescape\1.1.6.RELEASE\unbescape-1.1.6.RELEASE.jar;D:\idea\repository\org\thymeleaf\extras\thymeleaf-extras-java8time\3.0.4.RELEASE\thymeleaf-extras-java8time-3.0.4.RELEASE.jar;D:\idea\repository\org\projectlombok\lombok\1.16.10\lombok-1.16.10.jar;D:\idea\repository\org\apache\poi\poi\3.6\poi-3.6.jar;D:\idea\repository\commons-logging\commons-logging\1.1\commons-logging-1.1.jar;D:\idea\repository\logkit\logkit\1.0.1\logkit-1.0.1.jar;D:\idea\repository\avalon-framework\avalon-framework\4.1.3\avalon-framework-4.1.3.jar;D:\idea\repository\javax\servlet\servlet-api\2.3\servlet-api-2.3.jar;D:\idea\repository\log4j\log4j\1.2.13\log4j-1.2.13.jar;D:\idea\repository\com\google\code\gson\gson\2.8.2\gson-2.8.2.jar;D:\idea\repository\com\aliyun\aliyun-java-sdk-core\3.7.1\aliyun-java-sdk-core-3.7.1.jar;D:\idea\repository\org\json\json\20170516\json-20170516.jar;D:\idea\repository\com\aliyun\aliyun-java-sdk-dysmsapi\1.1.0\aliyun-java-sdk-dysmsapi-1.1.0.jar;D:\idea\repository\com\google\code\findbugs\annotations\3.0.1\annotations-3.0.1.jar;D:\idea\repository\net\jcip\jcip-annotations\1.0\jcip-annotations-1.0.jar;D:\idea\repository\com\google\code\findbugs\jsr305\3.0.1\jsr305-3.0.1.jar;D:\idea\repository\com\qiniu\qiniu-java-sdk\7.2.25\qiniu-java-sdk-7.2.25.jar;D:\idea\repository\com\squareup\okhttp3\okhttp\3.14.2\okhttp-3.14.2.jar;D:\idea\repository\com\squareup\okio\okio\1.17.2\okio-1.17.2.jar;"/>
    <property name="java.vm.vendor" value="Oracle Corporation"/>
    <property name="sun.arch.data.model" value="64"/>
    <property name="user.variant" value=""/>
    <property name="java.vendor.url" value="http://java.oracle.com/"/>
    <property name="user.timezone" value="Asia/Shanghai"/>
    <property name="java.vm.specification.version" value="1.8"/>
    <property name="os.name" value="Windows 10"/>
    <property name="user.country" value="CN"/>
    <property name="sun.java.launcher" value="SUN_STANDARD"/>
    <property name="sun.boot.library.path" value="D:\ECLIPSE\JDK\jdk1.8.0_181\jre\bin"/>
    <property name="sun.java.command" value="C:\Users\DELL\AppData\Local\Temp\surefire7638001414368935205\surefirebooter8431815220671125819.jar C:\Users\DELL\AppData\Local\Temp\surefire7638001414368935205 2019-08-31T09-21-22_552-jvmRun1 surefire2330526947847003628tmp surefire_05689525150162513300tmp"/>
    <property name="surefire.test.class.path" value="C:\Users\DELL\Desktop\recruit\target\test-classes;C:\Users\DELL\Desktop\recruit\target\classes;D:\idea\repository\org\springframework\boot\spring-boot-starter-jdbc\2.1.7.RELEASE\spring-boot-starter-jdbc-2.1.7.RELEASE.jar;D:\idea\repository\org\springframework\boot\spring-boot-starter\2.1.7.RELEASE\spring-boot-starter-2.1.7.RELEASE.jar;D:\idea\repository\org\springframework\boot\spring-boot\2.1.7.RELEASE\spring-boot-2.1.7.RELEASE.jar;D:\idea\repository\org\springframework\boot\spring-boot-autoconfigure\2.1.7.RELEASE\spring-boot-autoconfigure-2.1.7.RELEASE.jar;D:\idea\repository\org\springframework\boot\spring-boot-starter-logging\2.1.7.RELEASE\spring-boot-starter-logging-2.1.7.RELEASE.jar;D:\idea\repository\ch\qos\logback\logback-classic\1.2.3\logback-classic-1.2.3.jar;D:\idea\repository\ch\qos\logback\logback-core\1.2.3\logback-core-1.2.3.jar;D:\idea\repository\org\apache\logging\log4j\log4j-to-slf4j\2.11.2\log4j-to-slf4j-2.11.2.jar;D:\idea\repository\org\apache\logging\log4j\log4j-api\2.11.2\log4j-api-2.11.2.jar;D:\idea\repository\org\slf4j\jul-to-slf4j\1.7.26\jul-to-slf4j-1.7.26.jar;D:\idea\repository\javax\annotation\javax.annotation-api\1.3.2\javax.annotation-api-1.3.2.jar;D:\idea\repository\org\yaml\snakeyaml\1.23\snakeyaml-1.23.jar;D:\idea\repository\com\zaxxer\HikariCP\3.2.0\HikariCP-3.2.0.jar;D:\idea\repository\org\slf4j\slf4j-api\1.7.26\slf4j-api-1.7.26.jar;D:\idea\repository\org\springframework\spring-jdbc\5.1.9.RELEASE\spring-jdbc-5.1.9.RELEASE.jar;D:\idea\repository\org\springframework\spring-beans\5.1.9.RELEASE\spring-beans-5.1.9.RELEASE.jar;D:\idea\repository\org\springframework\spring-tx\5.1.9.RELEASE\spring-tx-5.1.9.RELEASE.jar;D:\idea\repository\org\springframework\boot\spring-boot-starter-web\2.1.7.RELEASE\spring-boot-starter-web-2.1.7.RELEASE.jar;D:\idea\repository\org\springframework\boot\spring-boot-starter-json\2.1.7.RELEASE\spring-boot-starter-json-2.1.7.RELEASE.jar;D:\idea\repository\com\fasterxml\jackson\core\jackson-databind\2.9.9\jackson-databind-2.9.9.jar;D:\idea\repository\com\fasterxml\jackson\core\jackson-annotations\2.9.0\jackson-annotations-2.9.0.jar;D:\idea\repository\com\fasterxml\jackson\core\jackson-core\2.9.9\jackson-core-2.9.9.jar;D:\idea\repository\com\fasterxml\jackson\datatype\jackson-datatype-jdk8\2.9.9\jackson-datatype-jdk8-2.9.9.jar;D:\idea\repository\com\fasterxml\jackson\datatype\jackson-datatype-jsr310\2.9.9\jackson-datatype-jsr310-2.9.9.jar;D:\idea\repository\com\fasterxml\jackson\module\jackson-module-parameter-names\2.9.9\jackson-module-parameter-names-2.9.9.jar;D:\idea\repository\org\springframework\boot\spring-boot-starter-tomcat\2.1.7.RELEASE\spring-boot-starter-tomcat-2.1.7.RELEASE.jar;D:\idea\repository\org\apache\tomcat\embed\tomcat-embed-core\9.0.22\tomcat-embed-core-9.0.22.jar;D:\idea\repository\org\apache\tomcat\embed\tomcat-embed-el\9.0.22\tomcat-embed-el-9.0.22.jar;D:\idea\repository\org\apache\tomcat\embed\tomcat-embed-websocket\9.0.22\tomcat-embed-websocket-9.0.22.jar;D:\idea\repository\org\hibernate\validator\hibernate-validator\6.0.17.Final\hibernate-validator-6.0.17.Final.jar;D:\idea\repository\javax\validation\validation-api\2.0.1.Final\validation-api-2.0.1.Final.jar;D:\idea\repository\org\jboss\logging\jboss-logging\3.3.2.Final\jboss-logging-3.3.2.Final.jar;D:\idea\repository\com\fasterxml\classmate\1.4.0\classmate-1.4.0.jar;D:\idea\repository\org\springframework\spring-web\5.1.9.RELEASE\spring-web-5.1.9.RELEASE.jar;D:\idea\repository\org\springframework\spring-webmvc\5.1.9.RELEASE\spring-webmvc-5.1.9.RELEASE.jar;D:\idea\repository\org\springframework\spring-aop\5.1.9.RELEASE\spring-aop-5.1.9.RELEASE.jar;D:\idea\repository\org\springframework\spring-context\5.1.9.RELEASE\spring-context-5.1.9.RELEASE.jar;D:\idea\repository\org\springframework\spring-expression\5.1.9.RELEASE\spring-expression-5.1.9.RELEASE.jar;D:\idea\repository\org\mybatis\spring\boot\mybatis-spring-boot-starter\2.1.0\mybatis-spring-boot-starter-2.1.0.jar;D:\idea\repository\org\mybatis\spring\boot\mybatis-spring-boot-autoconfigure\2.1.0\mybatis-spring-boot-autoconfigure-2.1.0.jar;D:\idea\repository\org\mybatis\mybatis\3.5.2\mybatis-3.5.2.jar;D:\idea\repository\org\mybatis\mybatis-spring\2.0.2\mybatis-spring-2.0.2.jar;D:\idea\repository\mysql\mysql-connector-java\8.0.16\mysql-connector-java-8.0.16.jar;D:\idea\repository\org\springframework\boot\spring-boot-starter-test\2.1.7.RELEASE\spring-boot-starter-test-2.1.7.RELEASE.jar;D:\idea\repository\org\springframework\boot\spring-boot-test\2.1.7.RELEASE\spring-boot-test-2.1.7.RELEASE.jar;D:\idea\repository\org\springframework\boot\spring-boot-test-autoconfigure\2.1.7.RELEASE\spring-boot-test-autoconfigure-2.1.7.RELEASE.jar;D:\idea\repository\com\jayway\jsonpath\json-path\2.4.0\json-path-2.4.0.jar;D:\idea\repository\net\minidev\json-smart\2.3\json-smart-2.3.jar;D:\idea\repository\net\minidev\accessors-smart\1.2\accessors-smart-1.2.jar;D:\idea\repository\org\ow2\asm\asm\5.0.4\asm-5.0.4.jar;D:\idea\repository\junit\junit\4.12\junit-4.12.jar;D:\idea\repository\org\assertj\assertj-core\3.11.1\assertj-core-3.11.1.jar;D:\idea\repository\org\mockito\mockito-core\2.23.4\mockito-core-2.23.4.jar;D:\idea\repository\net\bytebuddy\byte-buddy\1.9.16\byte-buddy-1.9.16.jar;D:\idea\repository\net\bytebuddy\byte-buddy-agent\1.9.16\byte-buddy-agent-1.9.16.jar;D:\idea\repository\org\objenesis\objenesis\2.6\objenesis-2.6.jar;D:\idea\repository\org\hamcrest\hamcrest-core\1.3\hamcrest-core-1.3.jar;D:\idea\repository\org\hamcrest\hamcrest-library\1.3\hamcrest-library-1.3.jar;D:\idea\repository\org\skyscreamer\jsonassert\1.5.0\jsonassert-1.5.0.jar;D:\idea\repository\com\vaadin\external\google\android-json\0.0.20131108.vaadin1\android-json-0.0.20131108.vaadin1.jar;D:\idea\repository\org\springframework\spring-core\5.1.9.RELEASE\spring-core-5.1.9.RELEASE.jar;D:\idea\repository\org\springframework\spring-jcl\5.1.9.RELEASE\spring-jcl-5.1.9.RELEASE.jar;D:\idea\repository\org\springframework\spring-test\5.1.9.RELEASE\spring-test-5.1.9.RELEASE.jar;D:\idea\repository\org\xmlunit\xmlunit-core\2.6.3\xmlunit-core-2.6.3.jar;D:\idea\repository\org\springframework\boot\spring-boot-starter-thymeleaf\2.1.7.RELEASE\spring-boot-starter-thymeleaf-2.1.7.RELEASE.jar;D:\idea\repository\org\thymeleaf\thymeleaf-spring5\3.0.11.RELEASE\thymeleaf-spring5-3.0.11.RELEASE.jar;D:\idea\repository\org\thymeleaf\thymeleaf\3.0.11.RELEASE\thymeleaf-3.0.11.RELEASE.jar;D:\idea\repository\org\attoparser\attoparser\2.0.5.RELEASE\attoparser-2.0.5.RELEASE.jar;D:\idea\repository\org\unbescape\unbescape\1.1.6.RELEASE\unbescape-1.1.6.RELEASE.jar;D:\idea\repository\org\thymeleaf\extras\thymeleaf-extras-java8time\3.0.4.RELEASE\thymeleaf-extras-java8time-3.0.4.RELEASE.jar;D:\idea\repository\org\projectlombok\lombok\1.16.10\lombok-1.16.10.jar;D:\idea\repository\org\apache\poi\poi\3.6\poi-3.6.jar;D:\idea\repository\commons-logging\commons-logging\1.1\commons-logging-1.1.jar;D:\idea\repository\logkit\logkit\1.0.1\logkit-1.0.1.jar;D:\idea\repository\avalon-framework\avalon-framework\4.1.3\avalon-framework-4.1.3.jar;D:\idea\repository\javax\servlet\servlet-api\2.3\servlet-api-2.3.jar;D:\idea\repository\log4j\log4j\1.2.13\log4j-1.2.13.jar;D:\idea\repository\com\google\code\gson\gson\2.8.2\gson-2.8.2.jar;D:\idea\repository\com\aliyun\aliyun-java-sdk-core\3.7.1\aliyun-java-sdk-core-3.7.1.jar;D:\idea\repository\org\json\json\20170516\json-20170516.jar;D:\idea\repository\com\aliyun\aliyun-java-sdk-dysmsapi\1.1.0\aliyun-java-sdk-dysmsapi-1.1.0.jar;D:\idea\repository\com\google\code\findbugs\annotations\3.0.1\annotations-3.0.1.jar;D:\idea\repository\net\jcip\jcip-annotations\1.0\jcip-annotations-1.0.jar;D:\idea\repository\com\google\code\findbugs\jsr305\3.0.1\jsr305-3.0.1.jar;D:\idea\repository\com\qiniu\qiniu-java-sdk\7.2.25\qiniu-java-sdk-7.2.25.jar;D:\idea\repository\com\squareup\okhttp3\okhttp\3.14.2\okhttp-3.14.2.jar;D:\idea\repository\com\squareup\okio\okio\1.17.2\okio-1.17.2.jar;"/>
    <property name="sun.cpu.endian" value="little"/>
    <property name="user.home" value="C:\Users\DELL"/>
    <property name="user.language" value="zh"/>
    <property name="java.specification.vendor" value="Oracle Corporation"/>
    <property name="java.home" value="D:\ECLIPSE\JDK\jdk1.8.0_181\jre"/>
    <property name="basedir" value="C:\Users\DELL\Desktop\recruit"/>
    <property name="file.separator" value="\"/>
    <property name="line.separator" value="&#10;"/>
    <property name="java.vm.specification.vendor" value="Oracle Corporation"/>
    <property name="java.specification.name" value="Java Platform API Specification"/>
    <property name="java.awt.graphicsenv" value="sun.awt.Win32GraphicsEnvironment"/>
    <property name="surefire.real.class.path" value="C:\Users\DELL\AppData\Local\Temp\surefire7638001414368935205\surefirebooter8431815220671125819.jar"/>
    <property name="sun.boot.class.path" value="D:\ECLIPSE\JDK\jdk1.8.0_181\jre\lib\resources.jar;D:\ECLIPSE\JDK\jdk1.8.0_181\jre\lib\rt.jar;D:\ECLIPSE\JDK\jdk1.8.0_181\jre\lib\sunrsasign.jar;D:\ECLIPSE\JDK\jdk1.8.0_181\jre\lib\jsse.jar;D:\ECLIPSE\JDK\jdk1.8.0_181\jre\lib\jce.jar;D:\ECLIPSE\JDK\jdk1.8.0_181\jre\lib\charsets.jar;D:\ECLIPSE\JDK\jdk1.8.0_181\jre\lib\jfr.jar;D:\ECLIPSE\JDK\jdk1.8.0_181\jre\classes"/>
    <property name="user.script" value=""/>
    <property name="sun.management.compiler" value="HotSpot 64-Bit Tiered Compilers"/>
    <property name="java.runtime.version" value="1.8.0_181-b13"/>
    <property name="user.name" value="DELL"/>
    <property name="path.separator" value=";"/>
    <property name="os.version" value="10.0"/>
    <property name="java.endorsed.dirs" value="D:\ECLIPSE\JDK\jdk1.8.0_181\jre\lib\endorsed"/>
    <property name="java.runtime.name" value="Java(TM) SE Runtime Environment"/>
    <property name="file.encoding" value="GBK"/>
    <property name="java.vm.name" value="Java HotSpot(TM) 64-Bit Server VM"/>
    <property name="localRepository" value="D:\idea\repository"/>
    <property name="java.vendor.url.bug" value="http://bugreport.sun.com/bugreport/"/>
    <property name="java.io.tmpdir" value="C:\Users\DELL\AppData\Local\Temp\"/>
    <property name="java.version" value="1.8.0_181"/>
    <property name="user.dir" value="C:\Users\DELL\Desktop\recruit"/>
    <property name="os.arch" value="amd64"/>
    <property name="java.vm.specification.name" value="Java Virtual Machine Specification"/>
    <property name="java.awt.printerjob" value="sun.awt.windows.WPrinterJob"/>
    <property name="idea.version2019.1.3" value="true"/>
    <property name="sun.os.patch.level" value=""/>
    <property name="java.library.path" value="D:\ECLIPSE\JDK\jdk1.8.0_181\jre\bin;C:\WINDOWS\Sun\Java\bin;C:\WINDOWS\system32;C:\WINDOWS;D:\xshell\;C:\Program Files\VanDyke Software\Clients\;C:\Program Files (x86)\Intel\Intel(R) Management Engine Components\iCLS\;C:\Program Files\Intel\Intel(R) Management Engine Components\iCLS\;C:\Windows\system32;C:\Windows;C:\Windows\System32\Wbem;C:\Windows\System32\WindowsPowerShell\v1.0\;C:\Windows\System32\OpenSSH\;C:\Program Files (x86)\Intel\Intel(R) Management Engine Components\DAL;C:\Program Files\Intel\Intel(R) Management Engine Components\DAL;C:\Program Files (x86)\NVIDIA Corporation\PhysX\Common;D:\ECLIPSE\JDK\jdk1.8.0_181\bin\;D:\ECLIPSE\JDK\jdk1.8.0_181\jre\bin;D:\ECLIPSE\apache-tomcat-8.0.53\bin;D:\mysql\mysql-8.0.11-winx64\bin;D:\git\Git\cmd;C:\Program Files\Intel\WiFi\bin\;C:\Program Files\Common Files\Intel\WirelessCommon\;D:\Nodejs\;D:\idea\apache-maven-3.6.1\bin\;D:\ECLIPSE\JDK\jdk1.8.0_181\jre\bin;D:\ECLIPSE\JDK\jdk1.8.0_181\bin;C:\Users\DELL\AppData\Local\Microsoft\WindowsApps;C:\Program Files\Intel\WiFi\bin\;C:\Program Files\Common Files\Intel\WirelessCommon\;C:\Users\DELL\AppData\Roaming\npm;D:\idea\IntelliJ IDEA 2019.1.3\bin;;;."/>
    <property name="java.vm.info" value="mixed mode"/>
    <property name="java.vendor" value="Oracle Corporation"/>
    <property name="java.vm.version" value="25.181-b13"/>
    <property name="java.ext.dirs" value="D:\ECLIPSE\JDK\jdk1.8.0_181\jre\lib\ext;C:\WINDOWS\Sun\Java\lib\ext"/>
    <property name="sun.io.unicode.encoding" value="UnicodeLittle"/>
    <property name="maven.repo.local" value="D:\idea\repository"/>
    <property name="java.class.version" value="52.0"/>
  </properties>
  <testcase name="contextLoads" classname="com.ctguqmx.recruit.RecruitApplicationTests" time="0.359"/>
</testsuite>